<?xml version="1.0" encoding="UTF-8"?>
<!-- Generated by org.testng.reporters.JUnitReportReporter -->
<testsuite hostname="DESKTOP-T6KLQOF" failures="0" tests="1" name="driverFactory.AppTest" time="63.091" errors="0" timestamp="2024-03-14T18:16:35 IST" skipped="0">
  <testcase classname="driverFactory.AppTest" name="kickStrat" time="63.091"/>
</testsuite> <!-- driverFactory.AppTest -->
